Tinderbutnot/app/build/intermediates/manifest_merge_blame_file/debug/manifest-merger-blame-debug-report.txt
1<?xml version="1.0" encoding="utf-8"?>
2<manifest xmlns:android="http://schemas.android.com/apk/res/android"
3    package="com.example.tinderbutnot"
4    android:versionCode="1"
5    android:versionName="1.0" >
6
7    <uses-sdk
8        android:minSdkVersion="27"
8-->src\main\AndroidManifest.xml
9        android:targetSdkVersion="29" />
9-->src\main\AndroidManifest.xml
10
11    <application
11-->src\main\AndroidManifest.xml:5:5-41:19
12        android:allowBackup="true"
12-->src\main\AndroidManifest.xml:6:9-35
13        android:appComponentFactory="androidx.core.app.CoreComponentFactory"
13-->[androidx.core:core:1.1.0] AndroidManifest.xml:24:18-86
14        android:debuggable="true"
15        android:icon="@mipmap/ic_launcher"
15-->src\main\AndroidManifest.xml:7:9-43
16        android:label="@string/app_name"
16-->src\main\AndroidManifest.xml:8:9-41
17        android:roundIcon="@mipmap/ic_launcher_round"
17-->src\main\AndroidManifest.xml:9:9-54
18        android:supportsRtl="true"
18-->src\main\AndroidManifest.xml:10:9-35
19        android:testOnly="true"
20        android:theme="@style/AppTheme" >
20-->src\main\AndroidManifest.xml:11:9-40
21        <activity
21-->src\main\AndroidManifest.xml:12:9-19:20
22            android:name="com.example.tinderbutnot.SwipeActivity"
22-->src\main\AndroidManifest.xml:12:19-48
23            android:launchMode="singleInstance" >
23-->src\main\AndroidManifest.xml:13:13-50
24            <intent-filter>
24-->src\main\AndroidManifest.xml:14:13-18:29
25                <action android:name="android.intent.action.MAIN" />
25-->src\main\AndroidManifest.xml:15:17-69
25-->src\main\AndroidManifest.xml:15:25-66
26
27                <category android:name="android.intent.category.LAUNCHER" />
27-->src\main\AndroidManifest.xml:17:17-77
27-->src\main\AndroidManifest.xml:17:27-74
28            </intent-filter>
29        </activity>
30        <activity
30-->src\main\AndroidManifest.xml:21:9-26:20
31            android:name="com.example.tinderbutnot.ScrollActivity"
31-->src\main\AndroidManifest.xml:21:19-49
32            android:launchMode="singleInstance" >
32-->src\main\AndroidManifest.xml:22:13-50
33            <intent-filter>
33-->src\main\AndroidManifest.xml:23:13-25:29
34                <action android:name="android.intent.action.DEFAULT" />
34-->src\main\AndroidManifest.xml:24:17-71
34-->src\main\AndroidManifest.xml:24:25-69
35            </intent-filter>
36        </activity>
37        <activity
37-->src\main\AndroidManifest.xml:28:9-33:20
38            android:name="com.example.tinderbutnot.ProfileActivity"
38-->src\main\AndroidManifest.xml:28:19-50
39            android:launchMode="singleInstance" >
39-->src\main\AndroidManifest.xml:29:13-50
40            <intent-filter>
40-->src\main\AndroidManifest.xml:23:13-25:29
41                <action android:name="android.intent.action.DEFAULT" />
41-->src\main\AndroidManifest.xml:24:17-71
41-->src\main\AndroidManifest.xml:24:25-69
42            </intent-filter>
43        </activity>
44        <activity android:name="com.example.tinderbutnot.DetailsActivity" >
44-->src\main\AndroidManifest.xml:35:9-40:20
44-->src\main\AndroidManifest.xml:35:19-50
45
46            <!-- android:launchMode = "singleInstance"> -->
47            <intent-filter>
47-->src\main\AndroidManifest.xml:23:13-25:29
48                <action android:name="android.intent.action.DEFAULT" />
48-->src\main\AndroidManifest.xml:24:17-71
48-->src\main\AndroidManifest.xml:24:25-69
49            </intent-filter>
50        </activity>
51    </application>
52
53</manifest>